127.0.0.1 - - [20/May/2026 16:41:44] "GET /src/js/app.js HTTP/1.1" 200 -
----------------------------------------
Exception occurred during processing of request from ('127.0.0.1', 54628)
Traceback (most recent call last):
  File "/home/jules/.pyenv/versions/3.12.13/lib/python3.12/socketserver.py", line 697, in process_request_thread
    self.finish_request(request, client_address)
  File "/home/jules/.pyenv/versions/3.12.13/lib/python3.12/http/server.py", line 1326, in finish_request
    self.RequestHandlerClass(request, client_address, self,
  File "/home/jules/.pyenv/versions/3.12.13/lib/python3.12/http/server.py", line 676, in __init__
    super().__init__(*args, **kwargs)
  File "/home/jules/.pyenv/versions/3.12.13/lib/python3.12/socketserver.py", line 766, in __init__
    self.handle()
  File "/home/jules/.pyenv/versions/3.12.13/lib/python3.12/http/server.py", line 440, in handle
    self.handle_one_request()
  File "/home/jules/.pyenv/versions/3.12.13/lib/python3.12/http/server.py", line 428, in handle_one_request
    method()
  File "/home/jules/.pyenv/versions/3.12.13/lib/python3.12/http/server.py", line 683, in do_GET
    self.copyfile(f, self.wfile)
  File "/home/jules/.pyenv/versions/3.12.13/lib/python3.12/http/server.py", line 882, in copyfile
    shutil.copyfileobj(source, outputfile)
  File "/home/jules/.pyenv/versions/3.12.13/lib/python3.12/shutil.py", line 204, in copyfileobj
    fdst_write(buf)
  File "/home/jules/.pyenv/versions/3.12.13/lib/python3.12/socketserver.py", line 845, in write
    self._sock.sendall(b)
ConnectionResetError: [Errno 104] Connection reset by peer
----------------------------------------
127.0.0.1 - - [20/May/2026 16:42:05] "GET /src/js/cityDashboard.js HTTP/1.1" 200 -
127.0.0.1 - - [20/May/2026 17:06:15] "GET /src/js/app.js HTTP/1.1" 200 -
----------------------------------------
Exception occurred during processing of request from ('127.0.0.1', 50674)
Traceback (most recent call last):
  File "/home/jules/.pyenv/versions/3.12.13/lib/python3.12/socketserver.py", line 697, in process_request_thread
    self.finish_request(request, client_address)
  File "/home/jules/.pyenv/versions/3.12.13/lib/python3.12/http/server.py", line 1326, in finish_request
    self.RequestHandlerClass(request, client_address, self,
  File "/home/jules/.pyenv/versions/3.12.13/lib/python3.12/http/server.py", line 676, in __init__
    super().__init__(*args, **kwargs)
  File "/home/jules/.pyenv/versions/3.12.13/lib/python3.12/socketserver.py", line 766, in __init__
    self.handle()
  File "/home/jules/.pyenv/versions/3.12.13/lib/python3.12/http/server.py", line 440, in handle
    self.handle_one_request()
  File "/home/jules/.pyenv/versions/3.12.13/lib/python3.12/http/server.py", line 428, in handle_one_request
    method()
  File "/home/jules/.pyenv/versions/3.12.13/lib/python3.12/http/server.py", line 683, in do_GET
    self.copyfile(f, self.wfile)
  File "/home/jules/.pyenv/versions/3.12.13/lib/python3.12/http/server.py", line 882, in copyfile
    shutil.copyfileobj(source, outputfile)
  File "/home/jules/.pyenv/versions/3.12.13/lib/python3.12/shutil.py", line 204, in copyfileobj
    fdst_write(buf)
  File "/home/jules/.pyenv/versions/3.12.13/lib/python3.12/socketserver.py", line 845, in write
    self._sock.sendall(b)
BrokenPipeError: [Errno 32] Broken pipe
----------------------------------------
127.0.0.1 - - [20/May/2026 17:06:38] "GET /src/js/app.js HTTP/1.1" 200 -
127.0.0.1 - - [20/May/2026 17:07:08] "GET /src/js/app.js HTTP/1.1" 200 -
